-------------------------------------------------------------------------------
Test set: org.narainfo.MybatisTestApplicationTests
-------------------------------------------------------------------------------
Tests run: 1, Failures: 0, Errors: 1, Skipped: 0, Time elapsed: 0 s <<< FAILURE! - in org.narainfo.MybatisTestApplicationTests
initializationError(org.narainfo.MybatisTestApplicationTests)  Time elapsed: 0 s  <<< ERROR!
java.lang.Exception: No runnable methods

